<?xml version="1.0" encoding="utf-8"?><testsuites name="pytest tests"><testsuite name="pytest" errors="0" failures="0" skipped="3" tests="32" time="7.184" timestamp="2026-09-02T12:20:31.005085+00:00" hostname="agent-env-9cd64514-5ee4-4263-ad1f-ee30f6baca65"><testcase classname="tests.test_contraband_market" name="test_root_online" time="0.161" /><testcase classname="tests.test_new_features" name="test_catalog_new_items" time="0.190" /><testcase classname="tests.test_contraband_market" name="test_catalog_shape" time="0.138" /><testcase classname="tests.test_new_features" name="test_signup_default_state" time="0.683" /><testcase classname="tests.test_new_features" name="test_market_buy_food_cash_and_consume" time="0.138" /><testcase classname="tests.test_contraband_market" name="test_signup_new_user_state" time="0.607" /><testcase classname="tests.test_contraband_market" name="test_auth_me" time="0.129" /><testcase classname="tests.test_new_features" name="test_market_buy_medicine_cash_heals" time="0.065"><skipped type="pytest.skip" message="insufficient cash for medicine test">/app/backend/tests/test_new_features.py:106: insufficient cash for medicine test</skipped></testcase><testcase classname="tests.test_contraband_market" name="test_market_contraband_shape" time="0.115" /><testcase classname="tests.test_contraband_market" name="test_market_prices_deterministic_within_window" time="0.356" /><testcase classname="tests.test_contraband_market" name="test_market_buy_and_sell_flow" time="0.601" /><testcase classname="tests.test_new_features" name="test_market_buy_drink_bank_payment" time="0.706" /><testcase classname="tests.test_new_features" name="test_blackmarket_bank_rejected" time="0.139" /><testcase classname="tests.test_new_features" name="test_blackmarket_cash_allowed" time="0.063"><skipped type="pytest.skip" message="insufficient cash for bm_combat_stim">/app/backend/tests/test_new_features.py:148: insufficient cash for bm_combat_stim</skipped></testcase><testcase classname="tests.test_new_features" name="test_bank_deposit_withdraw_fee" time="0.195" /><testcase classname="tests.test_contraband_market" name="test_market_buy_not_enough_cash" time="0.069" /><testcase classname="tests.test_contraband_market" name="test_market_unknown_good" time="0.172" /><testcase classname="tests.test_new_features" name="test_bank_invalid_amount" time="0.129" /><testcase classname="tests.test_new_features" name="test_heist_success_chance" time="0.065" /><testcase classname="tests.test_contraband_market" name="test_market_requires_auth" time="0.316" /><testcase classname="tests.test_new_features" name="test_heist_run_stamina_and_capacity" time="0.193" /><testcase classname="tests.test_new_features" name="test_heist_capacity_gate" time="0.067" /><testcase classname="tests.test_new_features" name="test_heist_drone_not_owned" time="0.068" /><testcase classname="tests.test_contraband_market" name="test_hire_crew" time="0.386" /><testcase classname="tests.test_new_features" name="test_prison_status_default" time="0.097" /><testcase classname="tests.test_new_features" name="test_prison_pay_bail_not_in_prison" time="0.170" /><testcase classname="tests.test_new_features" name="test_bribe_cost_no_heat" time="0.131" /><testcase classname="tests.test_new_features" name="test_notifications_list" time="0.130" /><testcase classname="tests.test_new_features" name="test_friends_and_messages_flow" time="0.575" /><testcase classname="tests.test_new_features" name="test_gang_create_invite_join_and_inventory" time="2.296" /><testcase classname="tests.test_new_features" name="test_rankings_players_and_gangs" time="0.154" /><testcase classname="tests.test_new_features" name="test_business_flow" time="0.313"><skipped type="pytest.skip" message="insufficient funds for cheapest business">/app/backend/tests/test_new_features.py:382: insufficient funds for cheapest business</skipped></testcase></testsuite></testsuites>