<?xml version="1.0" encoding="utf-8"?><testsuites name="pytest tests"><testsuite name="pytest" errors="0" failures="0" skipped="2" tests="11" time="9.502" timestamp="2026-09-02T13:27:47.660517+00:00" hostname="agent-env-9cd64514-5ee4-4263-ad1f-ee30f6baca65"><testcase classname="tests.test_iter2_features" name="test_catalog_blackmarket_only_stim_and_mystery" time="0.320" /><testcase classname="tests.test_iter2_features" name="test_catalog_contraband_has_img" time="0.162" /><testcase classname="tests.test_iter2_features" name="test_open_mystery_crate_flow" time="0.768" /><testcase classname="tests.test_iter2_features" name="test_open_crate_without_owning" time="0.572" /><testcase classname="tests.test_iter2_features" name="test_open_crate_wrong_item" time="0.643" /><testcase classname="tests.test_iter2_features" name="test_heist_phase1_no_state_change" time="0.748" /><testcase classname="tests.test_iter2_features" name="test_heist_phase2_resolve_and_cooldown" time="0.913" /><testcase classname="tests.test_iter2_features" name="test_combat_barehanded_no_ammo_used" time="0.737" /><testcase classname="tests.test_iter2_features" name="test_combat_melee_weapon_no_ammo" time="0.793" /><testcase classname="tests.test_iter2_features" name="test_combat_firearm_consumes_ammo" time="0.917"><skipped type="pytest.skip" message="random heist outcomes never produced combat kills across attempts">/app/backend/tests/test_iter2_features.py:287: random heist outcomes never produced combat kills across attempts</skipped></testcase><testcase classname="tests.test_iter2_features" name="test_shared_loot_log_split_evenly" time="2.195"><skipped type="pytest.skip" message="no successful cash heist across attempts to validate share">/app/backend/tests/test_iter2_features.py:354: no successful cash heist across attempts to validate share</skipped></testcase></testsuite></testsuites>