<?xml version="1.0" encoding="utf-8"?><testsuites name="pytest tests"><testsuite name="pytest" errors="0" failures="0" skipped="3" tests="21" time="5.996" timestamp="2026-09-02T12:18:34.186255+00:00" hostname="agent-env-9cd64514-5ee4-4263-ad1f-ee30f6baca65"><testcase classname="tests.test_new_features" name="test_catalog_new_items" time="0.302" /><testcase classname="tests.test_new_features" name="test_signup_default_state" time="0.556" /><testcase classname="tests.test_new_features" name="test_market_buy_food_cash_and_consume" time="0.177" /><testcase classname="tests.test_new_features" name="test_market_buy_medicine_cash_heals" time="0.079"><skipped type="pytest.skip" message="insufficient cash for medicine test">/app/backend/tests/test_new_features.py:106: insufficient cash for medicine test</skipped></testcase><testcase classname="tests.test_new_features" name="test_market_buy_drink_bank_payment" time="0.685" /><testcase classname="tests.test_new_features" name="test_blackmarket_bank_rejected" time="0.130" /><testcase classname="tests.test_new_features" name="test_blackmarket_cash_allowed" time="0.079"><skipped type="pytest.skip" message="insufficient cash for bm_combat_stim">/app/backend/tests/test_new_features.py:148: insufficient cash for bm_combat_stim</skipped></testcase><testcase classname="tests.test_new_features" name="test_bank_deposit_withdraw_fee" time="0.270" /><testcase classname="tests.test_new_features" name="test_bank_invalid_amount" time="0.165" /><testcase classname="tests.test_new_features" name="test_heist_success_chance" time="0.084" /><testcase classname="tests.test_new_features" name="test_heist_run_stamina_and_capacity" time="0.261" /><testcase classname="tests.test_new_features" name="test_heist_capacity_gate" time="0.085" /><testcase classname="tests.test_new_features" name="test_heist_drone_not_owned" time="0.089" /><testcase classname="tests.test_new_features" name="test_prison_status_default" time="0.063" /><testcase classname="tests.test_new_features" name="test_prison_pay_bail_not_in_prison" time="0.130" /><testcase classname="tests.test_new_features" name="test_bribe_cost_no_heat" time="0.165" /><testcase classname="tests.test_new_features" name="test_notifications_list" time="0.166" /><testcase classname="tests.test_new_features" name="test_friends_and_messages_flow" time="0.613" /><testcase classname="tests.test_new_features" name="test_gang_create_invite_join_and_inventory" time="0.882" /><testcase classname="tests.test_new_features" name="test_rankings_players_and_gangs" time="0.158" /><testcase classname="tests.test_new_features" name="test_business_flow" time="0.243"><skipped type="pytest.skip" message="insufficient funds for cheapest business">/app/backend/tests/test_new_features.py:375: insufficient funds for cheapest business</skipped></testcase></testsuite></testsuites>